[0512/001340.641:ERROR:process_memory_win.cc(73)] ReadMemory at 0x7ff7d25e0000 of 64 bytes failed: Only part of a ReadProcessMemory or WriteProcessMemory request was completed. (0x12B)
[0512/001341.220:WARNING:pe_image_reader.cc(340)] could not read dos header from C:\Program Files (x86)\Google\Chrome\Application\chrome.exe
[0512/001341.220:ERROR:process_memory_win.cc(73)] ReadMemory at 0x7ff95d260000 of 64 bytes failed: Only part of a ReadProcessMemory or WriteProcessMemory request was completed. (0x12B)
[0512/001341.220:WARNING:pe_image_reader.cc(340)] could not read dos header from C:\WINDOWS\SYSTEM32\ntdll.dll
[0512/001341.220:ERROR:process_memory_win.cc(73)] ReadMemory at 0x7ff95cf20000 of 64 bytes failed: Only part of a ReadProcessMemory or WriteProcessMemory request was completed. (0x12B)
[0512/001341.220:WARNING:pe_image_reader.cc(340)] could not read dos header from C:\WINDOWS\System32\KERNEL32.DLL
[0512/001341.220:ERROR:process_memory_win.cc(73)] ReadMemory at 0x7ff95a310000 of 64 bytes failed: Only part of a ReadProcessMemory or WriteProcessMemory request was completed. (0x12B)
[0512/001341.220:WARNING:pe_image_reader.cc(340)] could not read dos header from C:\WINDOWS\System32\KERNELBASE.dll
[0512/001341.221:ERROR:process_memory_win.cc(73)] ReadMemory at 0x7ff926970000 of 64 bytes failed: Only part of a ReadProcessMemory or WriteProcessMemory request was completed. (0x12B)
[0512/001341.221:WARNING:pe_image_reader.cc(340)] could not read dos header from C:\Program Files (x86)\Google\Chrome\Application\81.0.4044.138\chrome_elf.dll
[0512/001341.221:ERROR:process_memory_win.cc(73)] ReadMemory at 0x7ff94ef60000 of 64 bytes failed: Only part of a ReadProcessMemory or WriteProcessMemory request was completed. (0x12B)
[0512/001341.221:WARNING:pe_image_reader.cc(340)] could not read dos header from C:\WINDOWS\SYSTEM32\VERSION.dll
[0512/001341.221:ERROR:process_memory_win.cc(73)] ReadMemory at 0x7ff95c9b0000 of 64 bytes failed: Only part of a ReadProcessMemory or WriteProcessMemory request was completed. (0x12B)
[0512/001341.221:WARNING:pe_image_reader.cc(340)] could not read dos header from C:\WINDOWS\System32\msvcrt.dll
[0512/001341.221:ERROR:process_memory_win.cc(73)] ReadMemory at 0x7ff95b0e0000 of 64 bytes failed: Only part of a ReadProcessMemory or WriteProcessMemory request was completed. (0x12B)
[0512/001341.221:WARNING:pe_image_reader.cc(340)] could not read dos header from C:\WINDOWS\System32\bcryptPrimitives.dll
[0512/001341.221:ERROR:process_memory_win.cc(73)] ReadMemory at 0x7ff95bb20000 of 64 bytes failed: Only part of a ReadProcessMemory or WriteProcessMemory request was completed. (0x12B)
[0512/001341.221:WARNING:pe_image_reader.cc(340)] could not read dos header from C:\WINDOWS\System32\ADVAPI32.dll
[0512/001341.221:ERROR:process_memory_win.cc(73)] ReadMemory at 0x7ff95b710000 of 64 bytes failed: Only part of a ReadProcessMemory or WriteProcessMemory request was completed. (0x12B)
[0512/001341.221:WARNING:pe_image_reader.cc(340)] could not read dos header from C:\WINDOWS\System32\sechost.dll
[0512/001341.221:ERROR:process_memory_win.cc(73)] ReadMemory at 0x7ff95bc40000 of 64 bytes failed: Only part of a ReadProcessMemory or WriteProcessMemory request was completed. (0x12B)
[0512/001341.221:WARNING:pe_image_reader.cc(340)] could not read dos header from C:\WINDOWS\System32\RPCRT4.dll
[0512/001341.221:ERROR:process_memory_win.cc(73)] ReadMemory at 0x7ff900cf0000 of 64 bytes failed: Only part of a ReadProcessMemory or WriteProcessMemory request was completed. (0x12B)
[0512/001341.221:WARNING:pe_image_reader.cc(340)] could not read dos header from C:\Program Files (x86)\Google\Chrome\Application\81.0.4044.138\chrome.dll
[0512/001341.221:ERROR:process_memory_win.cc(73)] ReadMemory at 0x7ff95b540000 of 64 bytes failed: Only part of a ReadProcessMemory or WriteProcessMemory request was completed. (0x12B)
[0512/001341.221:WARNING:pe_image_reader.cc(340)] could not read dos header from C:\WINDOWS\System32\WS2_32.dll
[0512/001341.221:ERROR:process_memory_win.cc(73)] ReadMemory at 0x7ff95c460000 of 64 bytes failed: Only part of a ReadProcessMemory or WriteProcessMemory request was completed. (0x12B)
[0512/001341.221:WARNING:pe_image_reader.cc(340)] could not read dos header from C:\WINDOWS\System32\OLEAUT32.dll
[0512/001341.221:ERROR:process_memory_win.cc(73)] ReadMemory at 0x7ff95b160000 of 64 bytes failed: Only part of a ReadProcessMemory or WriteProcessMemory request was completed. (0x12B)
[0512/001341.221:WARNING:pe_image_reader.cc(340)] could not read dos header from C:\WINDOWS\System32\msvcp_win.dll
[0512/001341.222:ERROR:process_memory_win.cc(73)] ReadMemory at 0x7ff95ad90000 of 64 bytes failed: Only part of a ReadProcessMemory or WriteProcessMemory request was completed. (0x12B)
[0512/001341.222:WARNING:pe_image_reader.cc(340)] could not read dos header from C:\WINDOWS\System32\ucrtbase.dll
[0512/001341.222:ERROR:process_memory_win.cc(73)] ReadMemory at 0x7ff95c530000 of 64 bytes failed: Only part of a ReadProcessMemory or WriteProcessMemory request was completed. (0x12B)
[0512/001341.222:WARNING:pe_image_reader.cc(340)] could not read dos header from C:\WINDOWS\System32\combase.dll
[0512/001341.222:ERROR:process_memory_win.cc(73)] ReadMemory at 0x7ff95b200000 of 64 bytes failed: Only part of a ReadProcessMemory or WriteProcessMemory request was completed. (0x12B)
[0512/001341.222:WARNING:pe_image_reader.cc(340)] could not read dos header from C:\WINDOWS\System32\WINTRUST.dll
[0512/001341.222:ERROR:process_memory_win.cc(73)] ReadMemory at 0x7ff95a120000 of 64 bytes failed: Only part of a ReadProcessMemory or WriteProcessMemory request was completed. (0x12B)
[0512/001341.222:WARNING:pe_image_reader.cc(340)] could not read dos header from C:\WINDOWS\System32\MSASN1.dll
[0512/001341.222:ERROR:process_memory_win.cc(73)] ReadMemory at 0x7ff95a1c0000 of 64 bytes failed: Only part of a ReadProcessMemory or WriteProcessMemory request was completed. (0x12B)
[0512/001341.222:WARNING:pe_image_reader.cc(340)] could not read dos header from C:\WINDOWS\System32\CRYPT32.dll
[0512/001341.222:ERROR:process_memory_win.cc(73)] ReadMemory at 0x7ff959670000 of 64 bytes failed: Only part of a ReadProcessMemory or WriteProcessMemory request was completed. (0x12B)
[0512/001341.222:WARNING:pe_image_reader.cc(340)] could not read dos header from C:\WINDOWS\SYSTEM32\IPHLPAPI.DLL
[0512/001341.222:ERROR:process_memory_win.cc(73)] ReadMemory at 0x7ff955a90000 of 64 bytes failed: Only part of a ReadProcessMemory or WriteProcessMemory request was completed. (0x12B)
[0512/001341.222:WARNING:pe_image_reader.cc(340)] could not read dos header from C:\WINDOWS\SYSTEM32\WINMM.dll
[0512/001341.222:ERROR:process_memory_win.cc(73)] ReadMemory at 0x7ff946d70000 of 64 bytes failed: Only part of a ReadProcessMemory or WriteProcessMemory request was completed. (0x12B)
[0512/001341.222:WARNING:pe_image_reader.cc(340)] could not read dos header from C:\WINDOWS\SYSTEM32\Secur32.dll
[0512/001341.222:ERROR:process_memory_win.cc(73)] ReadMemory at 0x7ff95a010000 of 64 bytes failed: Only part of a ReadProcessMemory or WriteProcessMemory request was completed. (0x12B)
[0512/001341.222:WARNING:pe_image_reader.cc(340)] could not read dos header from C:\WINDOWS\SYSTEM32\USERENV.dll
[0512/001341.222:ERROR:process_memory_win.cc(73)] ReadMemory at 0x7ff95a140000 of 64 bytes failed: Only part of a ReadProcessMemory or WriteProcessMemory request was completed. (0x12B)
[0512/001341.222:WARNING:pe_image_reader.cc(340)] could not read dos header from C:\WINDOWS\System32\profapi.dll
[0512/001341.222:ERROR:process_memory_win.cc(73)] ReadMemory at 0x7ff944680000 of 64 bytes failed: Only part of a ReadProcessMemory or WriteProcessMemory request was completed. (0x12B)
[0512/001341.223:WARNING:pe_image_reader.cc(340)] could not read dos header from C:\WINDOWS\SYSTEM32\UIAutomationCore.DLL
[0512/001341.223:ERROR:process_memory_win.cc(73)] ReadMemory at 0x7ff94c3d0000 of 64 bytes failed: Only part of a ReadProcessMemory or WriteProcessMemory request was completed. (0x12B)
[0512/001341.223:WARNING:pe_image_reader.cc(340)] could not read dos header from C:\WINDOWS\SYSTEM32\DWrite.dll
[0512/001341.223:ERROR:process_memory_win.cc(73)] ReadMemory at 0x7ff94a110000 of 64 bytes failed: Only part of a ReadProcessMemory or WriteProcessMemory request was completed. (0x12B)
[0512/001341.223:WARNING:pe_image_reader.cc(340)] could not read dos header from C:\WINDOWS\SYSTEM32\WINSPOOL.DRV
[0512/001341.223:ERROR:process_memory_win.cc(73)] ReadMemory at 0x7ff95a100000 of 64 bytes failed: Only part of a ReadProcessMemory or WriteProcessMemory request was completed. (0x12B)
[0512/001341.223:WARNING:pe_image_reader.cc(340)] could not read dos header from C:\WINDOWS\System32\kernel.appcore.dll
[0512/001341.223:ERROR:process_memory_win.cc(73)] ReadMemory at 0x7ff95b290000 of 64 bytes failed: Only part of a ReadProcessMemory or WriteProcessMemory request was completed. (0x12B)
[0512/001341.223:WARNING:pe_image_reader.cc(340)] could not read dos header from C:\WINDOWS\System32\bcrypt.dll
[0512/001341.223:ERROR:process_memory_win.cc(73)] ReadMemory at 0x7ff9589e0000 of 64 bytes failed: Only part of a ReadProcessMemory or WriteProcessMemory request was completed. (0x12B)
[0512/001341.223:WARNING:pe_image_reader.cc(340)] could not read dos header from C:\WINDOWS\SYSTEM32\dbghelp.dll
[0512/001341.223:ERROR:process_memory_win.cc(73)] ReadMemory at 0x7ff94e7f0000 of 64 bytes failed: Only part of a ReadProcessMemory or WriteProcessMemory request was completed. (0x12B)
[0512/001341.223:WARNING:pe_image_reader.cc(340)] could not read dos header from C:\WINDOWS\SYSTEM32\WINHTTP.dll
[0512/001341.223:ERROR:process_memory_win.cc(73)] ReadMemory at 0x7ff94f310000 of 64 bytes failed: Only part of a ReadProcessMemory or WriteProcessMemory request was completed. (0x12B)
[0512/001341.223:WARNING:pe_image_reader.cc(340)] could not read dos header from C:\WINDOWS\SYSTEM32\dhcpcsvc.DLL
[0512/001341.224:ERROR:process_memory_win.cc(73)] ReadMemory at 0x7ff95bd60000 of 64 bytes failed: Only part of a ReadProcessMemory or WriteProcessMemory request was completed. (0x12B)
[0512/001341.224:WARNING:pe_image_reader.cc(340)] could not read dos header from C:\WINDOWS\System32\NSI.dll
[0512/001341.224:ERROR:process_memory_win.cc(73)] ReadMemory at 0x7ff955a60000 of 64 bytes failed: Only part of a ReadProcessMemory or WriteProcessMemory request was completed. (0x12B)
[0512/001341.224:WARNING:pe_image_reader.cc(340)] could not read dos header from C:\WINDOWS\SYSTEM32\WINMMBASE.dll
[0512/001341.224:ERROR:process_memory_win.cc(73)] ReadMemory at 0x7ff95a5c0000 of 64 bytes failed: Only part of a ReadProcessMemory or WriteProcessMemory request was completed. (0x12B)
[0512/001341.224:WARNING:pe_image_reader.cc(340)] could not read dos header from C:\WINDOWS\System32\cfgmgr32.dll
[0512/001341.224:ERROR:process_memory_win.cc(73)] ReadMemory at 0x7ff957d40000 of 64 bytes failed: Only part of a ReadProcessMemory or WriteProcessMemory request was completed. (0x12B)
[0512/001341.224:WARNING:pe_image_reader.cc(340)] could not read dos header from C:\WINDOWS\SYSTEM32\PROPSYS.dll
[0512/001341.224:ERROR:process_memory_win.cc(73)] ReadMemory at 0x7ff95b2e0000 of 64 bytes failed: Only part of a ReadProcessMemory or WriteProcessMemory request was completed. (0x12B)
[0512/001341.224:WARNING:pe_image_reader.cc(340)] could not read dos header from C:\WINDOWS\System32\shcore.dll
[0512/001341.224:ERROR:process_memory_win.cc(73)] ReadMemory at 0x7ff959fe0000 of 64 bytes failed: Only part of a ReadProcessMemory or WriteProcessMemory request was completed. (0x12B)
[0512/001341.224:WARNING:pe_image_reader.cc(340)] could not read dos header from C:\WINDOWS\SYSTEM32\SSPICLI.DLL
[0512/001341.224:ERROR:process_memory_win.cc(73)] ReadMemory at 0x7ff959b30000 of 64 bytes failed: Only part of a ReadProcessMemory or WriteProcessMemory request was completed. (0x12B)
[0512/001341.224:WARNING:pe_image_reader.cc(340)] could not read dos header from C:\WINDOWS\SYSTEM32\CRYPTBASE.DLL
[0512/001341.266:ERROR:process_memory_win.cc(73)] ReadMemory at 0x7ff7d25e0000 of 64 bytes failed: Only part of a ReadProcessMemory or WriteProcessMemory request was completed. (0x12B)
[0512/001341.266:WARNING:pe_image_reader.cc(340)] could not read dos header from C:\Program Files (x86)\Google\Chrome\Application\chrome.exe
[0512/001341.266:ERROR:process_memory_win.cc(73)] ReadMemory at 0x7ff95d260000 of 64 bytes failed: Only part of a ReadProcessMemory or WriteProcessMemory request was completed. (0x12B)
[0512/001341.266:WARNING:pe_image_reader.cc(340)] could not read dos header from C:\WINDOWS\SYSTEM32\ntdll.dll
[0512/001341.266:ERROR:process_memory_win.cc(73)] ReadMemory at 0x7ff95cf20000 of 64 bytes failed: Only part of a ReadProcessMemory or WriteProcessMemory request was completed. (0x12B)
[0512/001341.266:WARNING:pe_image_reader.cc(340)] could not read dos header from C:\WINDOWS\System32\KERNEL32.DLL
[0512/001341.267:ERROR:process_memory_win.cc(73)] ReadMemory at 0x7ff95a310000 of 64 bytes failed: Only part of a ReadProcessMemory or WriteProcessMemory request was completed. (0x12B)
[0512/001341.267:WARNING:pe_image_reader.cc(340)] could not read dos header from C:\WINDOWS\System32\KERNELBASE.dll
[0512/001341.267:ERROR:process_memory_win.cc(73)] ReadMemory at 0x7ff926970000 of 64 bytes failed: Only part of a ReadProcessMemory or WriteProcessMemory request was completed. (0x12B)
[0512/001341.267:WARNING:pe_image_reader.cc(340)] could not read dos header from C:\Program Files (x86)\Google\Chrome\Application\81.0.4044.138\chrome_elf.dll
[0512/001341.267:ERROR:process_memory_win.cc(73)] ReadMemory at 0x7ff94ef60000 of 64 bytes failed: Only part of a ReadProcessMemory or WriteProcessMemory request was completed. (0x12B)
[0512/001341.267:WARNING:pe_image_reader.cc(340)] could not read dos header from C:\WINDOWS\SYSTEM32\VERSION.dll
[0512/001341.267:ERROR:process_memory_win.cc(73)] ReadMemory at 0x7ff95c9b0000 of 64 bytes failed: Only part of a ReadProcessMemory or WriteProcessMemory request was completed. (0x12B)
[0512/001341.267:WARNING:pe_image_reader.cc(340)] could not read dos header from C:\WINDOWS\System32\msvcrt.dll
[0512/001341.267:ERROR:process_memory_win.cc(73)] ReadMemory at 0x7ff95b0e0000 of 64 bytes failed: Only part of a ReadProcessMemory or WriteProcessMemory request was completed. (0x12B)
[0512/001341.267:WARNING:pe_image_reader.cc(340)] could not read dos header from C:\WINDOWS\System32\bcryptPrimitives.dll
[0512/001341.267:ERROR:process_memory_win.cc(73)] ReadMemory at 0x7ff95bb20000 of 64 bytes failed: Only part of a ReadProcessMemory or WriteProcessMemory request was completed. (0x12B)
[0512/001341.267:WARNING:pe_image_reader.cc(340)] could not read dos header from C:\WINDOWS\System32\ADVAPI32.dll
[0512/001341.267:ERROR:process_memory_win.cc(73)] ReadMemory at 0x7ff95b710000 of 64 bytes failed: Only part of a ReadProcessMemory or WriteProcessMemory request was completed. (0x12B)
[0512/001341.267:WARNING:pe_image_reader.cc(340)] could not read dos header from C:\WINDOWS\System32\sechost.dll
[0512/001341.267:ERROR:process_memory_win.cc(73)] ReadMemory at 0x7ff95bc40000 of 64 bytes failed: Only part of a ReadProcessMemory or WriteProcessMemory request was completed. (0x12B)
[0512/001341.267:WARNING:pe_image_reader.cc(340)] could not read dos header from C:\WINDOWS\System32\RPCRT4.dll
[0512/001341.267:ERROR:process_memory_win.cc(73)] ReadMemory at 0x7ff900cf0000 of 64 bytes failed: Only part of a ReadProcessMemory or WriteProcessMemory request was completed. (0x12B)
[0512/001341.267:WARNING:pe_image_reader.cc(340)] could not read dos header from C:\Program Files (x86)\Google\Chrome\Application\81.0.4044.138\chrome.dll
[0512/001341.267:ERROR:process_memory_win.cc(73)] ReadMemory at 0x7ff95b540000 of 64 bytes failed: Only part of a ReadProcessMemory or WriteProcessMemory request was completed. (0x12B)
[0512/001341.267:WARNING:pe_image_reader.cc(340)] could not read dos header from C:\WINDOWS\System32\WS2_32.dll
[0512/001341.267:ERROR:process_memory_win.cc(73)] ReadMemory at 0x7ff95c460000 of 64 bytes failed: Only part of a ReadProcessMemory or WriteProcessMemory request was completed. (0x12B)
[0512/001341.267:WARNING:pe_image_reader.cc(340)] could not read dos header from C:\WINDOWS\System32\OLEAUT32.dll
[0512/001341.267:ERROR:process_memory_win.cc(73)] ReadMemory at 0x7ff95b160000 of 64 bytes failed: Only part of a ReadProcessMemory or WriteProcessMemory request was completed. (0x12B)
[0512/001341.268:WARNING:pe_image_reader.cc(340)] could not read dos header from C:\WINDOWS\System32\msvcp_win.dll
[0512/001341.268:ERROR:process_memory_win.cc(73)] ReadMemory at 0x7ff95ad90000 of 64 bytes failed: Only part of a ReadProcessMemory or WriteProcessMemory request was completed. (0x12B)
[0512/001341.268:WARNING:pe_image_reader.cc(340)] could not read dos header from C:\WINDOWS\System32\ucrtbase.dll
[0512/001341.268:ERROR:process_memory_win.cc(73)] ReadMemory at 0x7ff95c530000 of 64 bytes failed: Only part of a ReadProcessMemory or WriteProcessMemory request was completed. (0x12B)
[0512/001341.268:WARNING:pe_image_reader.cc(340)] could not read dos header from C:\WINDOWS\System32\combase.dll
[0512/001341.268:ERROR:process_memory_win.cc(73)] ReadMemory at 0x7ff95b200000 of 64 bytes failed: Only part of a ReadProcessMemory or WriteProcessMemory request was completed. (0x12B)
[0512/001341.268:WARNING:pe_image_reader.cc(340)] could not read dos header from C:\WINDOWS\System32\WINTRUST.dll
[0512/001341.268:ERROR:process_memory_win.cc(73)] ReadMemory at 0x7ff95a120000 of 64 bytes failed: Only part of a ReadProcessMemory or WriteProcessMemory request was completed. (0x12B)
[0512/001341.268:WARNING:pe_image_reader.cc(340)] could not read dos header from C:\WINDOWS\System32\MSASN1.dll
[0512/001341.268:ERROR:process_memory_win.cc(73)] ReadMemory at 0x7ff95a1c0000 of 64 bytes failed: Only part of a ReadProcessMemory or WriteProcessMemory request was completed. (0x12B)
[0512/001341.268:WARNING:pe_image_reader.cc(340)] could not read dos header from C:\WINDOWS\System32\CRYPT32.dll
[0512/001341.268:ERROR:process_memory_win.cc(73)] ReadMemory at 0x7ff959670000 of 64 bytes failed: Only part of a ReadProcessMemory or WriteProcessMemory request was completed. (0x12B)
[0512/001341.268:WARNING:pe_image_reader.cc(340)] could not read dos header from C:\WINDOWS\SYSTEM32\IPHLPAPI.DLL
[0512/001341.268:ERROR:process_memory_win.cc(73)] ReadMemory at 0x7ff955a90000 of 64 bytes failed: Only part of a ReadProcessMemory or WriteProcessMemory request was completed. (0x12B)
[0512/001341.268:WARNING:pe_image_reader.cc(340)] could not read dos header from C:\WINDOWS\SYSTEM32\WINMM.dll
[0512/001341.268:ERROR:process_memory_win.cc(73)] ReadMemory at 0x7ff946d70000 of 64 bytes failed: Only part of a ReadProcessMemory or WriteProcessMemory request was completed. (0x12B)
[0512/001341.268:WARNING:pe_image_reader.cc(340)] could not read dos header from C:\WINDOWS\SYSTEM32\Secur32.dll
[0512/001341.268:ERROR:process_memory_win.cc(73)] ReadMemory at 0x7ff95a010000 of 64 bytes failed: Only part of a ReadProcessMemory or WriteProcessMemory request was completed. (0x12B)
[0512/001341.268:WARNING:pe_image_reader.cc(340)] could not read dos header from C:\WINDOWS\SYSTEM32\USERENV.dll
[0512/001341.268:ERROR:process_memory_win.cc(73)] ReadMemory at 0x7ff95a140000 of 64 bytes failed: Only part of a ReadProcessMemory or WriteProcessMemory request was completed. (0x12B)
[0512/001341.268:WARNING:pe_image_reader.cc(340)] could not read dos header from C:\WINDOWS\System32\profapi.dll
[0512/001341.268:ERROR:process_memory_win.cc(73)] ReadMemory at 0x7ff944680000 of 64 bytes failed: Only part of a ReadProcessMemory or WriteProcessMemory request was completed. (0x12B)
[0512/001341.268:WARNING:pe_image_reader.cc(340)] could not read dos header from C:\WINDOWS\SYSTEM32\UIAutomationCore.DLL
[0512/001341.268:ERROR:process_memory_win.cc(73)] ReadMemory at 0x7ff94c3d0000 of 64 bytes failed: Only part of a ReadProcessMemory or WriteProcessMemory request was completed. (0x12B)
[0512/001341.269:WARNING:pe_image_reader.cc(340)] could not read dos header from C:\WINDOWS\SYSTEM32\DWrite.dll
[0512/001341.269:ERROR:process_memory_win.cc(73)] ReadMemory at 0x7ff94a110000 of 64 bytes failed: Only part of a ReadProcessMemory or WriteProcessMemory request was completed. (0x12B)
[0512/001341.269:WARNING:pe_image_reader.cc(340)] could not read dos header from C:\WINDOWS\SYSTEM32\WINSPOOL.DRV
[0512/001341.269:ERROR:process_memory_win.cc(73)] ReadMemory at 0x7ff95a100000 of 64 bytes failed: Only part of a ReadProcessMemory or WriteProcessMemory request was completed. (0x12B)
[0512/001341.269:WARNING:pe_image_reader.cc(340)] could not read dos header from C:\WINDOWS\System32\kernel.appcore.dll
[0512/001341.269:ERROR:process_memory_win.cc(73)] ReadMemory at 0x7ff95b290000 of 64 bytes failed: Only part of a ReadProcessMemory or WriteProcessMemory request was completed. (0x12B)
[0512/001341.269:WARNING:pe_image_reader.cc(340)] could not read dos header from C:\WINDOWS\System32\bcrypt.dll
[0512/001341.269:ERROR:process_memory_win.cc(73)] ReadMemory at 0x7ff9589e0000 of 64 bytes failed: Only part of a ReadProcessMemory or WriteProcessMemory request was completed. (0x12B)
[0512/001341.269:WARNING:pe_image_reader.cc(340)] could not read dos header from C:\WINDOWS\SYSTEM32\dbghelp.dll
[0512/001341.269:ERROR:process_memory_win.cc(73)] ReadMemory at 0x7ff94e7f0000 of 64 bytes failed: Only part of a ReadProcessMemory or WriteProcessMemory request was completed. (0x12B)
[0512/001341.269:WARNING:pe_image_reader.cc(340)] could not read dos header from C:\WINDOWS\SYSTEM32\WINHTTP.dll
[0512/001341.269:ERROR:process_memory_win.cc(73)] ReadMemory at 0x7ff94f310000 of 64 bytes failed: Only part of a ReadProcessMemory or WriteProcessMemory request was completed. (0x12B)
[0512/001341.269:WARNING:pe_image_reader.cc(340)] could not read dos header from C:\WINDOWS\SYSTEM32\dhcpcsvc.DLL
[0512/001341.269:ERROR:process_memory_win.cc(73)] ReadMemory at 0x7ff95bd60000 of 64 bytes failed: Only part of a ReadProcessMemory or WriteProcessMemory request was completed. (0x12B)
[0512/001341.269:WARNING:pe_image_reader.cc(340)] could not read dos header from C:\WINDOWS\System32\NSI.dll
[0512/001341.269:ERROR:process_memory_win.cc(73)] ReadMemory at 0x7ff955a60000 of 64 bytes failed: Only part of a ReadProcessMemory or WriteProcessMemory request was completed. (0x12B)
[0512/001341.269:WARNING:pe_image_reader.cc(340)] could not read dos header from C:\WINDOWS\SYSTEM32\WINMMBASE.dll
[0512/001341.270:ERROR:process_memory_win.cc(73)] ReadMemory at 0x7ff95a5c0000 of 64 bytes failed: Only part of a ReadProcessMemory or WriteProcessMemory request was completed. (0x12B)
[0512/001341.270:WARNING:pe_image_reader.cc(340)] could not read dos header from C:\WINDOWS\System32\cfgmgr32.dll
[0512/001341.270:ERROR:process_memory_win.cc(73)] ReadMemory at 0x7ff957d40000 of 64 bytes failed: Only part of a ReadProcessMemory or WriteProcessMemory request was completed. (0x12B)
[0512/001341.270:WARNING:pe_image_reader.cc(340)] could not read dos header from C:\WINDOWS\SYSTEM32\PROPSYS.dll
[0512/001341.270:ERROR:process_memory_win.cc(73)] ReadMemory at 0x7ff95b2e0000 of 64 bytes failed: Only part of a ReadProcessMemory or WriteProcessMemory request was completed. (0x12B)
[0512/001341.270:WARNING:pe_image_reader.cc(340)] could not read dos header from C:\WINDOWS\System32\shcore.dll
[0512/001341.270:ERROR:process_memory_win.cc(73)] ReadMemory at 0x7ff959fe0000 of 64 bytes failed: Only part of a ReadProcessMemory or WriteProcessMemory request was completed. (0x12B)
[0512/001341.270:WARNING:pe_image_reader.cc(340)] could not read dos header from C:\WINDOWS\SYSTEM32\SSPICLI.DLL
[0512/001341.270:ERROR:process_memory_win.cc(73)] ReadMemory at 0x7ff959b30000 of 64 bytes failed: Only part of a ReadProcessMemory or WriteProcessMemory request was completed. (0x12B)
[0512/001341.270:WARNING:pe_image_reader.cc(340)] could not read dos header from C:\WINDOWS\SYSTEM32\CRYPTBASE.DLL
[0512/001341.270:ERROR:process_memory_win.cc(73)] ReadMemory at 0x7ff7d25e0000 of 64 bytes failed: Only part of a ReadProcessMemory or WriteProcessMemory request was completed. (0x12B)
[0512/001341.270:WARNING:pe_image_reader.cc(340)] could not read dos header from C:\Program Files (x86)\Google\Chrome\Application\chrome.exe
[0512/001341.270:ERROR:process_memory_win.cc(73)] ReadMemory at 0x7ff95d260000 of 64 bytes failed: Only part of a ReadProcessMemory or WriteProcessMemory request was completed. (0x12B)
[0512/001341.270:WARNING:pe_image_reader.cc(340)] could not read dos header from C:\WINDOWS\SYSTEM32\ntdll.dll
[0512/001341.270:ERROR:process_memory_win.cc(73)] ReadMemory at 0x7ff95cf20000 of 64 bytes failed: Only part of a ReadProcessMemory or WriteProcessMemory request was completed. (0x12B)
[0512/001341.270:WARNING:pe_image_reader.cc(340)] could not read dos header from C:\WINDOWS\System32\KERNEL32.DLL
[0512/001341.271:ERROR:process_memory_win.cc(73)] ReadMemory at 0x7ff95a310000 of 64 bytes failed: Only part of a ReadProcessMemory or WriteProcessMemory request was completed. (0x12B)
[0512/001341.271:WARNING:pe_image_reader.cc(340)] could not read dos header from C:\WINDOWS\System32\KERNELBASE.dll
[0512/001341.271:ERROR:process_memory_win.cc(73)] ReadMemory at 0x7ff926970000 of 64 bytes failed: Only part of a ReadProcessMemory or WriteProcessMemory request was completed. (0x12B)
[0512/001341.271:WARNING:pe_image_reader.cc(340)] could not read dos header from C:\Program Files (x86)\Google\Chrome\Application\81.0.4044.138\chrome_elf.dll
[0512/001341.271:ERROR:process_memory_win.cc(73)] ReadMemory at 0x7ff94ef60000 of 64 bytes failed: Only part of a ReadProcessMemory or WriteProcessMemory request was completed. (0x12B)
[0512/001341.271:WARNING:pe_image_reader.cc(340)] could not read dos header from C:\WINDOWS\SYSTEM32\VERSION.dll
[0512/001341.271:ERROR:process_memory_win.cc(73)] ReadMemory at 0x7ff95c9b0000 of 64 bytes failed: Only part of a ReadProcessMemory or WriteProcessMemory request was completed. (0x12B)
[0512/001341.271:WARNING:pe_image_reader.cc(340)] could not read dos header from C:\WINDOWS\System32\msvcrt.dll
[0512/001341.271:ERROR:process_memory_win.cc(73)] ReadMemory at 0x7ff95b0e0000 of 64 bytes failed: Only part of a ReadProcessMemory or WriteProcessMemory request was completed. (0x12B)
[0512/001341.271:WARNING:pe_image_reader.cc(340)] could not read dos header from C:\WINDOWS\System32\bcryptPrimitives.dll
[0512/001341.271:ERROR:process_memory_win.cc(73)] ReadMemory at 0x7ff95bb20000 of 64 bytes failed: Only part of a ReadProcessMemory or WriteProcessMemory request was completed. (0x12B)
[0512/001341.271:WARNING:pe_image_reader.cc(340)] could not read dos header from C:\WINDOWS\System32\ADVAPI32.dll
[0512/001341.271:ERROR:process_memory_win.cc(73)] ReadMemory at 0x7ff95b710000 of 64 bytes failed: Only part of a ReadProcessMemory or WriteProcessMemory request was completed. (0x12B)
[0512/001341.271:WARNING:pe_image_reader.cc(340)] could not read dos header from C:\WINDOWS\System32\sechost.dll
[0512/001341.271:ERROR:process_memory_win.cc(73)] ReadMemory at 0x7ff95bc40000 of 64 bytes failed: Only part of a ReadProcessMemory or WriteProcessMemory request was completed. (0x12B)
[0512/001341.271:WARNING:pe_image_reader.cc(340)] could not read dos header from C:\WINDOWS\System32\RPCRT4.dll
[0512/001341.271:ERROR:process_memory_win.cc(73)] ReadMemory at 0x7ff900cf0000 of 64 bytes failed: Only part of a ReadProcessMemory or WriteProcessMemory request was completed. (0x12B)
[0512/001341.272:WARNING:pe_image_reader.cc(340)] could not read dos header from C:\Program Files (x86)\Google\Chrome\Application\81.0.4044.138\chrome.dll
[0512/001341.272:ERROR:process_memory_win.cc(73)] ReadMemory at 0x7ff95b540000 of 64 bytes failed: Only part of a ReadProcessMemory or WriteProcessMemory request was completed. (0x12B)
[0512/001341.272:WARNING:pe_image_reader.cc(340)] could not read dos header from C:\WINDOWS\System32\WS2_32.dll
[0512/001341.272:ERROR:process_memory_win.cc(73)] ReadMemory at 0x7ff95c460000 of 64 bytes failed: Only part of a ReadProcessMemory or WriteProcessMemory request was completed. (0x12B)
[0512/001341.272:WARNING:pe_image_reader.cc(340)] could not read dos header from C:\WINDOWS\System32\OLEAUT32.dll
[0512/001341.272:ERROR:process_memory_win.cc(73)] ReadMemory at 0x7ff95b160000 of 64 bytes failed: Only part of a ReadProcessMemory or WriteProcessMemory request was completed. (0x12B)
[0512/001341.272:WARNING:pe_image_reader.cc(340)] could not read dos header from C:\WINDOWS\System32\msvcp_win.dll
[0512/001341.272:ERROR:process_memory_win.cc(73)] ReadMemory at 0x7ff95ad90000 of 64 bytes failed: Only part of a ReadProcessMemory or WriteProcessMemory request was completed. (0x12B)
[0512/001341.272:WARNING:pe_image_reader.cc(340)] could not read dos header from C:\WINDOWS\System32\ucrtbase.dll
[0512/001341.272:ERROR:process_memory_win.cc(73)] ReadMemory at 0x7ff95c530000 of 64 bytes failed: Only part of a ReadProcessMemory or WriteProcessMemory request was completed. (0x12B)
[0512/001341.272:WARNING:pe_image_reader.cc(340)] could not read dos header from C:\WINDOWS\System32\combase.dll
[0512/001341.272:ERROR:process_memory_win.cc(73)] ReadMemory at 0x7ff95b200000 of 64 bytes failed: Only part of a ReadProcessMemory or WriteProcessMemory request was completed. (0x12B)
[0512/001341.272:WARNING:pe_image_reader.cc(340)] could not read dos header from C:\WINDOWS\System32\WINTRUST.dll
[0512/001341.272:ERROR:process_memory_win.cc(73)] ReadMemory at 0x7ff95a120000 of 64 bytes failed: Only part of a ReadProcessMemory or WriteProcessMemory request was completed. (0x12B)
[0512/001341.272:WARNING:pe_image_reader.cc(340)] could not read dos header from C:\WINDOWS\System32\MSASN1.dll
[0512/001341.272:ERROR:process_memory_win.cc(73)] ReadMemory at 0x7ff95a1c0000 of 64 bytes failed: Only part of a ReadProcessMemory or WriteProcessMemory request was completed. (0x12B)
[0512/001341.272:WARNING:pe_image_reader.cc(340)] could not read dos header from C:\WINDOWS\System32\CRYPT32.dll
[0512/001341.273:ERROR:process_memory_win.cc(73)] ReadMemory at 0x7ff959670000 of 64 bytes failed: Only part of a ReadProcessMemory or WriteProcessMemory request was completed. (0x12B)
[0512/001341.273:WARNING:pe_image_reader.cc(340)] could not read dos header from C:\WINDOWS\SYSTEM32\IPHLPAPI.DLL
[0512/001341.273:ERROR:process_memory_win.cc(73)] ReadMemory at 0x7ff955a90000 of 64 bytes failed: Only part of a ReadProcessMemory or WriteProcessMemory request was completed. (0x12B)
[0512/001341.273:WARNING:pe_image_reader.cc(340)] could not read dos header from C:\WINDOWS\SYSTEM32\WINMM.dll
[0512/001341.273:ERROR:process_memory_win.cc(73)] ReadMemory at 0x7ff946d70000 of 64 bytes failed: Only part of a ReadProcessMemory or WriteProcessMemory request was completed. (0x12B)
[0512/001341.273:WARNING:pe_image_reader.cc(340)] could not read dos header from C:\WINDOWS\SYSTEM32\Secur32.dll
[0512/001341.273:ERROR:process_memory_win.cc(73)] ReadMemory at 0x7ff95a010000 of 64 bytes failed: Only part of a ReadProcessMemory or WriteProcessMemory request was completed. (0x12B)
[0512/001341.273:WARNING:pe_image_reader.cc(340)] could not read dos header from C:\WINDOWS\SYSTEM32\USERENV.dll
[0512/001341.273:ERROR:process_memory_win.cc(73)] ReadMemory at 0x7ff95a140000 of 64 bytes failed: Only part of a ReadProcessMemory or WriteProcessMemory request was completed. (0x12B)
[0512/001341.273:WARNING:pe_image_reader.cc(340)] could not read dos header from C:\WINDOWS\System32\profapi.dll
[0512/001341.273:ERROR:process_memory_win.cc(73)] ReadMemory at 0x7ff944680000 of 64 bytes failed: Only part of a ReadProcessMemory or WriteProcessMemory request was completed. (0x12B)
[0512/001341.273:WARNING:pe_image_reader.cc(340)] could not read dos header from C:\WINDOWS\SYSTEM32\UIAutomationCore.DLL
[0512/001341.273:ERROR:process_memory_win.cc(73)] ReadMemory at 0x7ff94c3d0000 of 64 bytes failed: Only part of a ReadProcessMemory or WriteProcessMemory request was completed. (0x12B)
[0512/001341.274:WARNING:pe_image_reader.cc(340)] could not read dos header from C:\WINDOWS\SYSTEM32\DWrite.dll
[0512/001341.274:ERROR:process_memory_win.cc(73)] ReadMemory at 0x7ff94a110000 of 64 bytes failed: Only part of a ReadProcessMemory or WriteProcessMemory request was completed. (0x12B)
[0512/001341.274:WARNING:pe_image_reader.cc(340)] could not read dos header from C:\WINDOWS\SYSTEM32\WINSPOOL.DRV
[0512/001341.274:ERROR:process_memory_win.cc(73)] ReadMemory at 0x7ff95a100000 of 64 bytes failed: Only part of a ReadProcessMemory or WriteProcessMemory request was completed. (0x12B)
[0512/001341.479:WARNING:pe_image_reader.cc(340)] could not read dos header from C:\WINDOWS\System32\kernel.appcore.dll
[0512/001341.479:ERROR:process_memory_win.cc(73)] ReadMemory at 0x7ff95b290000 of 64 bytes failed: Only part of a ReadProcessMemory or WriteProcessMemory request was completed. (0x12B)
[0512/001341.479:WARNING:pe_image_reader.cc(340)] could not read dos header from C:\WINDOWS\System32\bcrypt.dll
[0512/001341.479:ERROR:process_memory_win.cc(73)] ReadMemory at 0x7ff9589e0000 of 64 bytes failed: Only part of a ReadProcessMemory or WriteProcessMemory request was completed. (0x12B)
[0512/001341.479:WARNING:pe_image_reader.cc(340)] could not read dos header from C:\WINDOWS\SYSTEM32\dbghelp.dll
[0512/001341.480:ERROR:process_memory_win.cc(73)] ReadMemory at 0x7ff94e7f0000 of 64 bytes failed: Only part of a ReadProcessMemory or WriteProcessMemory request was completed. (0x12B)
[0512/001341.480:WARNING:pe_image_reader.cc(340)] could not read dos header from C:\WINDOWS\SYSTEM32\WINHTTP.dll
[0512/001341.480:ERROR:process_memory_win.cc(73)] ReadMemory at 0x7ff94f310000 of 64 bytes failed: Only part of a ReadProcessMemory or WriteProcessMemory request was completed. (0x12B)
[0512/001341.480:WARNING:pe_image_reader.cc(340)] could not read dos header from C:\WINDOWS\SYSTEM32\dhcpcsvc.DLL
[0512/001341.480:ERROR:process_memory_win.cc(73)] ReadMemory at 0x7ff95bd60000 of 64 bytes failed: Only part of a ReadProcessMemory or WriteProcessMemory request was completed. (0x12B)
[0512/001341.480:WARNING:pe_image_reader.cc(340)] could not read dos header from C:\WINDOWS\System32\NSI.dll
[0512/001341.480:ERROR:process_memory_win.cc(73)] ReadMemory at 0x7ff955a60000 of 64 bytes failed: Only part of a ReadProcessMemory or WriteProcessMemory request was completed. (0x12B)
[0512/001341.480:WARNING:pe_image_reader.cc(340)] could not read dos header from C:\WINDOWS\SYSTEM32\WINMMBASE.dll
[0512/001341.480:ERROR:process_memory_win.cc(73)] ReadMemory at 0x7ff95a5c0000 of 64 bytes failed: Only part of a ReadProcessMemory or WriteProcessMemory request was completed. (0x12B)
[0512/001341.480:WARNING:pe_image_reader.cc(340)] could not read dos header from C:\WINDOWS\System32\cfgmgr32.dll
[0512/001341.480:ERROR:process_memory_win.cc(73)] ReadMemory at 0x7ff957d40000 of 64 bytes failed: Only part of a ReadProcessMemory or WriteProcessMemory request was completed. (0x12B)
[0512/001341.481:WARNING:pe_image_reader.cc(340)] could not read dos header from C:\WINDOWS\SYSTEM32\PROPSYS.dll
[0512/001341.481:ERROR:process_memory_win.cc(73)] ReadMemory at 0x7ff95b2e0000 of 64 bytes failed: Only part of a ReadProcessMemory or WriteProcessMemory request was completed. (0x12B)
[0512/001341.481:WARNING:pe_image_reader.cc(340)] could not read dos header from C:\WINDOWS\System32\shcore.dll
[0512/001341.481:ERROR:process_memory_win.cc(73)] ReadMemory at 0x7ff959fe0000 of 64 bytes failed: Only part of a ReadProcessMemory or WriteProcessMemory request was completed. (0x12B)
[0512/001341.481:WARNING:pe_image_reader.cc(340)] could not read dos header from C:\WINDOWS\SYSTEM32\SSPICLI.DLL
[0512/001341.481:ERROR:process_memory_win.cc(73)] ReadMemory at 0x7ff959b30000 of 64 bytes failed: Only part of a ReadProcessMemory or WriteProcessMemory request was completed. (0x12B)
[0512/001341.481:WARNING:pe_image_reader.cc(340)] could not read dos header from C:\WINDOWS\SYSTEM32\CRYPTBASE.DLL
[0512/001341.554:ERROR:process_memory_win.cc(73)] ReadMemory at 0xfa33fed000 of 77824 bytes failed: Only part of a ReadProcessMemory or WriteProcessMemory request was completed. (0x12B)
[0512/001341.554:ERROR:process_memory_win.cc(73)] ReadMemory at 0xfa347fd000 of 12288 bytes failed: Only part of a ReadProcessMemory or WriteProcessMemory request was completed. (0x12B)
[0512/001341.668:ERROR:process_memory_win.cc(73)] ReadMemory at 0xfa357fc000 of 16384 bytes failed: Only part of a ReadProcessMemory or WriteProcessMemory request was completed. (0x12B)
[0512/001341.668:ERROR:process_memory_win.cc(73)] ReadMemory at 0xfa35ffb000 of 20480 bytes failed: Only part of a ReadProcessMemory or WriteProcessMemory request was completed. (0x12B)
[0512/001341.668:ERROR:process_memory_win.cc(73)] ReadMemory at 0xfa367fe000 of 8192 bytes failed: Only part of a ReadProcessMemory or WriteProcessMemory request was completed. (0x12B)
[0512/001341.668:ERROR:process_memory_win.cc(73)] ReadMemory at 0xfa36ffd000 of 12288 bytes failed: Only part of a ReadProcessMemory or WriteProcessMemory request was completed. (0x12B)
[0512/001341.668:ERROR:process_memory_win.cc(73)] ReadMemory at 0xfa377fb000 of 20480 bytes failed: Only part of a ReadProcessMemory or WriteProcessMemory request was completed. (0x12B)
[0512/001341.668:ERROR:process_memory_win.cc(73)] ReadMemory at 0xfa387fd000 of 12288 bytes failed: Only part of a ReadProcessMemory or WriteProcessMemory request was completed. (0x12B)
[0512/001341.668:ERROR:process_memory_win.cc(73)] ReadMemory at 0xfa38ff7000 of 36864 bytes failed: Only part of a ReadProcessMemory or WriteProcessMemory request was completed. (0x12B)
[0512/001341.669:ERROR:process_memory_win.cc(73)] ReadMemory at 0xfa397f6000 of 40960 bytes failed: Only part of a ReadProcessMemory or WriteProcessMemory request was completed. (0x12B)
[0512/001341.669:ERROR:process_memory_win.cc(73)] ReadMemory at 0xfa39ffd000 of 12288 bytes failed: Only part of a ReadProcessMemory or WriteProcessMemory request was completed. (0x12B)
[0512/001341.669:ERROR:process_memory_win.cc(73)] ReadMemory at 0xfa3affd000 of 12288 bytes failed: Only part of a ReadProcessMemory or WriteProcessMemory request was completed. (0x12B)
[0512/001341.669:ERROR:process_memory_win.cc(73)] ReadMemory at 0xfa34ff6000 of 40960 bytes failed: Only part of a ReadProcessMemory or WriteProcessMemory request was completed. (0x12B)
[0512/001341.669:ERROR:process_memory_win.cc(73)] ReadMemory at 0xfa37ffc000 of 16384 bytes failed: Only part of a ReadProcessMemory or WriteProcessMemory request was completed. (0x12B)
[0512/001341.669:ERROR:process_memory_win.cc(73)] ReadMemory at 0xfa3a7fc000 of 16384 bytes failed: Only part of a ReadProcessMemory or WriteProcessMemory request was completed. (0x12B)
[0512/001341.669:ERROR:process_memory_win.cc(73)] ReadMemory at 0xfa3b7fe000 of 8192 bytes failed: Only part of a ReadProcessMemory or WriteProcessMemory request was completed. (0x12B)
[0512/001341.670:ERROR:process_memory_win.cc(73)] ReadMemory at 0xfa33693000 of 852 bytes failed: Only part of a ReadProcessMemory or WriteProcessMemory request was completed. (0x12B)
[0512/001341.670:ERROR:process_memory_win.cc(73)] ReadMemory at 0xfa33694000 of 6024 bytes failed: Only part of a ReadProcessMemory or WriteProcessMemory request was completed. (0x12B)
[0512/001341.670:ERROR:process_memory_win.cc(73)] ReadMemory at 0xfa33696000 of 6024 bytes failed: Only part of a ReadProcessMemory or WriteProcessMemory request was completed. (0x12B)
[0512/001341.670:ERROR:process_memory_win.cc(73)] ReadMemory at 0xfa3369a000 of 6024 bytes failed: Only part of a ReadProcessMemory or WriteProcessMemory request was completed. (0x12B)
[0512/001341.670:ERROR:process_memory_win.cc(73)] ReadMemory at 0xfa3369c000 of 6024 bytes failed: Only part of a ReadProcessMemory or WriteProcessMemory request was completed. (0x12B)
[0512/001341.670:ERROR:process_memory_win.cc(73)] ReadMemory at 0xfa3369e000 of 6024 bytes failed: Only part of a ReadProcessMemory or WriteProcessMemory request was completed. (0x12B)
[0512/001341.670:ERROR:process_memory_win.cc(73)] ReadMemory at 0xfa336a0000 of 6024 bytes failed: Only part of a ReadProcessMemory or WriteProcessMemory request was completed. (0x12B)
[0512/001341.670:ERROR:process_memory_win.cc(73)] ReadMemory at 0xfa336a2000 of 6024 bytes failed: Only part of a ReadProcessMemory or WriteProcessMemory request was completed. (0x12B)
[0512/001341.670:ERROR:process_memory_win.cc(73)] ReadMemory at 0xfa336a6000 of 6024 bytes failed: Only part of a ReadProcessMemory or WriteProcessMemory request was completed. (0x12B)
[0512/001341.671:ERROR:process_memory_win.cc(73)] ReadMemory at 0xfa336a8000 of 6024 bytes failed: Only part of a ReadProcessMemory or WriteProcessMemory request was completed. (0x12B)
[0512/001341.671:ERROR:process_memory_win.cc(73)] ReadMemory at 0xfa336aa000 of 6024 bytes failed: Only part of a ReadProcessMemory or WriteProcessMemory request was completed. (0x12B)
[0512/001341.671:ERROR:process_memory_win.cc(73)] ReadMemory at 0xfa336ac000 of 6024 bytes failed: Only part of a ReadProcessMemory or WriteProcessMemory request was completed. (0x12B)
[0512/001341.671:ERROR:process_memory_win.cc(73)] ReadMemory at 0xfa336b6000 of 6024 bytes failed: Only part of a ReadProcessMemory or WriteProcessMemory request was completed. (0x12B)
[0512/001341.672:ERROR:process_memory_win.cc(73)] ReadMemory at 0xfa33748000 of 6024 bytes failed: Only part of a ReadProcessMemory or WriteProcessMemory request was completed. (0x12B)
[0512/001341.735:ERROR:process_memory_win.cc(73)] ReadMemory at 0xfa33762000 of 6024 bytes failed: Only part of a ReadProcessMemory or WriteProcessMemory request was completed. (0x12B)
[0512/001341.736:ERROR:process_memory_win.cc(73)] ReadMemory at 0xfa33764000 of 6024 bytes failed: Only part of a ReadProcessMemory or WriteProcessMemory request was completed. (0x12B)
[0512/001341.736:ERROR:process_memory_win.cc(73)] ReadMemory at 0xfa33766000 of 6024 bytes failed: Only part of a ReadProcessMemory or WriteProcessMemory request was completed. (0x12B)
[0512/001341.736:ERROR:process_memory_win.cc(73)] ReadMemory at 0x2270f650750 of 80 bytes failed: Only part of a ReadProcessMemory or WriteProcessMemory request was completed. (0x12B)
[0512/001341.736:ERROR:process_memory_win.cc(73)] ReadMemory at 0x2270f650fe0 of 20016 bytes failed: Only part of a ReadProcessMemory or WriteProcessMemory request was completed. (0x12B)
[0512/001341.736:ERROR:process_memory_win.cc(73)] ReadMemory at 0x2270f655e20 of 1012 bytes failed: Only part of a ReadProcessMemory or WriteProcessMemory request was completed. (0x12B)
[0512/001341.736:ERROR:process_memory_win.cc(73)] ReadMemory at 0x2270f656468 of 118 bytes failed: Only part of a ReadProcessMemory or WriteProcessMemory request was completed. (0x12B)
[0512/001341.737:ERROR:process_memory_win.cc(73)] ReadMemory at 0x2270f6564e0 of 754 bytes failed: Only part of a ReadProcessMemory or WriteProcessMemory request was completed. (0x12B)
[0512/001341.737:ERROR:process_memory_win.cc(73)] ReadMemory at 0x2270f6567d4 of 118 bytes failed: Only part of a ReadProcessMemory or WriteProcessMemory request was completed. (0x12B)
[0512/001341.737:ERROR:process_memory_win.cc(73)] ReadMemory at 0x2270f65684c of 100 bytes failed: Only part of a ReadProcessMemory or WriteProcessMemory request was completed. (0x12B)
[0512/001341.737:ERROR:process_memory_win.cc(73)] ReadMemory at 0x2270f6568c0 of 58 bytes failed: Only part of a ReadProcessMemory or WriteProcessMemory request was completed. (0x12B)
[0512/001341.737:ERROR:process_memory_win.cc(73)] ReadMemory at 0x2270f6569c0 of 132 bytes failed: Only part of a ReadProcessMemory or WriteProcessMemory request was completed. (0x12B)
[0512/001341.737:ERROR:process_memory_win.cc(73)] ReadMemory at 0x2270f656b50 of 132 bytes failed: Only part of a ReadProcessMemory or WriteProcessMemory request was completed. (0x12B)
[0512/001341.737:ERROR:process_memory_win.cc(73)] ReadMemory at 0x2270f656d10 of 126 bytes failed: Only part of a ReadProcessMemory or WriteProcessMemory request was completed. (0x12B)
[0512/001341.738:ERROR:process_memory_win.cc(73)] ReadMemory at 0x2270f6570f0 of 132 bytes failed: Only part of a ReadProcessMemory or WriteProcessMemory request was completed. (0x12B)
[0512/001341.738:ERROR:process_memory_win.cc(73)] ReadMemory at 0x2270f657280 of 64 bytes failed: Only part of a ReadProcessMemory or WriteProcessMemory request was completed. (0x12B)
[0512/001341.738:ERROR:process_memory_win.cc(73)] ReadMemory at 0x2270f6572d0 of 132 bytes failed: Only part of a ReadProcessMemory or WriteProcessMemory request was completed. (0x12B)
[0512/001341.738:ERROR:process_memory_win.cc(73)] ReadMemory at 0x2270f657440 of 132 bytes failed: Only part of a ReadProcessMemory or WriteProcessMemory request was completed. (0x12B)
[0512/001341.738:ERROR:process_memory_win.cc(73)] ReadMemory at 0x2270f6576e0 of 132 bytes failed: Only part of a ReadProcessMemory or WriteProcessMemory request was completed. (0x12B)
[0512/001341.738:ERROR:process_memory_win.cc(73)] ReadMemory at 0x2270f657870 of 68 bytes failed: Only part of a ReadProcessMemory or WriteProcessMemory request was completed. (0x12B)
[0512/001341.738:ERROR:process_memory_win.cc(73)] ReadMemory at 0x2270f658860 of 146 bytes failed: Only part of a ReadProcessMemory or WriteProcessMemory request was completed. (0x12B)
[0512/001341.739:ERROR:process_memory_win.cc(73)] ReadMemory at 0x2270f658940 of 132 bytes failed: Only part of a ReadProcessMemory or WriteProcessMemory request was completed. (0x12B)
[0512/001341.739:ERROR:process_memory_win.cc(73)] ReadMemory at 0x2270f658ad0 of 154 bytes failed: Only part of a ReadProcessMemory or WriteProcessMemory request was completed. (0x12B)
[0512/001341.739:ERROR:process_memory_win.cc(73)] ReadMemory at 0x2270f65acf0 of 62 bytes failed: Only part of a ReadProcessMemory or WriteProcessMemory request was completed. (0x12B)
[0512/001341.739:ERROR:process_memory_win.cc(73)] ReadMemory at 0x2270f65ae50 of 132 bytes failed: Only part of a ReadProcessMemory or WriteProcessMemory request was completed. (0x12B)
[0512/001341.739:ERROR:process_memory_win.cc(73)] ReadMemory at 0x2270f65af80 of 60 bytes failed: Only part of a ReadProcessMemory or WriteProcessMemory request was completed. (0x12B)
[0512/001341.740:ERROR:process_memory_win.cc(73)] ReadMemory at 0x2270f65c3d0 of 132 bytes failed: Only part of a ReadProcessMemory or WriteProcessMemory request was completed. (0x12B)
[0512/001341.740:ERROR:process_memory_win.cc(73)] ReadMemory at 0x2270f65f370 of 62 bytes failed: Only part of a ReadProcessMemory or WriteProcessMemory request was completed. (0x12B)
[0512/001341.740:ERROR:process_memory_win.cc(73)] ReadMemory at 0x2270f65f3c0 of 60 bytes failed: Only part of a ReadProcessMemory or WriteProcessMemory request was completed. (0x12B)
[0512/001341.740:ERROR:process_memory_win.cc(73)] ReadMemory at 0x2270f65f640 of 62 bytes failed: Only part of a ReadProcessMemory or WriteProcessMemory request was completed. (0x12B)
[0512/001341.740:ERROR:process_memory_win.cc(73)] ReadMemory at 0x2270f65f6e0 of 64 bytes failed: Only part of a ReadProcessMemory or WriteProcessMemory request was completed. (0x12B)
[0512/001341.740:ERROR:process_memory_win.cc(73)] ReadMemory at 0x2270f65f7d0 of 60 bytes failed: Only part of a ReadProcessMemory or WriteProcessMemory request was completed. (0x12B)
[0512/001341.741:ERROR:process_memory_win.cc(73)] ReadMemory at 0x2270f65f870 of 64 bytes failed: Only part of a ReadProcessMemory or WriteProcessMemory request was completed. (0x12B)
[0512/001341.741:ERROR:process_memory_win.cc(73)] ReadMemory at 0x2270f65f8c0 of 66 bytes failed: Only part of a ReadProcessMemory or WriteProcessMemory request was completed. (0x12B)
[0512/001341.741:ERROR:process_memory_win.cc(73)] ReadMemory at 0x2270f65f9b0 of 64 bytes failed: Only part of a ReadProcessMemory or WriteProcessMemory request was completed. (0x12B)
[0512/001341.741:ERROR:process_memory_win.cc(73)] ReadMemory at 0x2270f65fa00 of 64 bytes failed: Only part of a ReadProcessMemory or WriteProcessMemory request was completed. (0x12B)
[0512/001341.741:ERROR:process_memory_win.cc(73)] ReadMemory at 0x2270f6600e0 of 76 bytes failed: Only part of a ReadProcessMemory or WriteProcessMemory request was completed. (0x12B)
[0512/001341.741:ERROR:process_memory_win.cc(73)] ReadMemory at 0x2270f660380 of 80 bytes failed: Only part of a ReadProcessMemory or WriteProcessMemory request was completed. (0x12B)
[0512/001341.741:ERROR:process_memory_win.cc(73)] ReadMemory at 0x2270f664540 of 54 bytes failed: Only part of a ReadProcessMemory or WriteProcessMemory request was completed. (0x12B)
[0512/001341.742:ERROR:process_memory_win.cc(73)] ReadMemory at 0x2270f6651f0 of 132 bytes failed: Only part of a ReadProcessMemory or WriteProcessMemory request was completed. (0x12B)
[0512/001341.742:ERROR:process_memory_win.cc(73)] ReadMemory at 0x2270f665410 of 132 bytes failed: Only part of a ReadProcessMemory or WriteProcessMemory request was completed. (0x12B)
[0512/001341.742:ERROR:process_memory_win.cc(73)] ReadMemory at 0x2270f665770 of 132 bytes failed: Only part of a ReadProcessMemory or WriteProcessMemory request was completed. (0x12B)
[0512/001341.742:ERROR:process_memory_win.cc(73)] ReadMemory at 0x2270f665980 of 132 bytes failed: Only part of a ReadProcessMemory or WriteProcessMemory request was completed. (0x12B)
[0512/001341.742:ERROR:process_memory_win.cc(73)] ReadMemory at 0x2270f666410 of 132 bytes failed: Only part of a ReadProcessMemory or WriteProcessMemory request was completed. (0x12B)
[0512/001341.742:ERROR:process_memory_win.cc(73)] ReadMemory at 0x2270f667c60 of 132 bytes failed: Only part of a ReadProcessMemory or WriteProcessMemory request was completed. (0x12B)
[0512/001341.742:ERROR:process_memory_win.cc(73)] ReadMemory at 0x2270f667d90 of 132 bytes failed: Only part of a ReadProcessMemory or WriteProcessMemory request was completed. (0x12B)
[0512/001341.742:ERROR:process_memory_win.cc(73)] ReadMemory at 0x2270f667ec0 of 132 bytes failed: Only part of a ReadProcessMemory or WriteProcessMemory request was completed. (0x12B)
[0512/001341.743:ERROR:process_memory_win.cc(73)] ReadMemory at 0x2270f667ff0 of 132 bytes failed: Only part of a ReadProcessMemory or WriteProcessMemory request was completed. (0x12B)
[0512/001341.743:ERROR:process_memory_win.cc(73)] ReadMemory at 0x2270f668120 of 132 bytes failed: Only part of a ReadProcessMemory or WriteProcessMemory request was completed. (0x12B)
[0512/001341.743:ERROR:process_memory_win.cc(73)] ReadMemory at 0x2270f668250 of 132 bytes failed: Only part of a ReadProcessMemory or WriteProcessMemory request was completed. (0x12B)
[0512/001341.743:ERROR:process_memory_win.cc(73)] ReadMemory at 0x2270f668380 of 132 bytes failed: Only part of a ReadProcessMemory or WriteProcessMemory request was completed. (0x12B)
[0512/001341.743:ERROR:process_memory_win.cc(73)] ReadMemory at 0x2270f6685e0 of 132 bytes failed: Only part of a ReadProcessMemory or WriteProcessMemory request was completed. (0x12B)
[0512/001341.743:ERROR:process_memory_win.cc(73)] ReadMemory at 0x2270f668710 of 132 bytes failed: Only part of a ReadProcessMemory or WriteProcessMemory request was completed. (0x12B)
[0512/001341.743:ERROR:process_memory_win.cc(73)] ReadMemory at 0x2270f668840 of 132 bytes failed: Only part of a ReadProcessMemory or WriteProcessMemory request was completed. (0x12B)
[0512/001341.743:ERROR:process_memory_win.cc(73)] ReadMemory at 0x2270f668970 of 132 bytes failed: Only part of a ReadProcessMemory or WriteProcessMemory request was completed. (0x12B)
[0512/001341.744:ERROR:process_memory_win.cc(73)] ReadMemory at 0x2270f668aa0 of 132 bytes failed: Only part of a ReadProcessMemory or WriteProcessMemory request was completed. (0x12B)
[0512/001341.744:ERROR:process_memory_win.cc(73)] ReadMemory at 0x2270f669c70 of 132 bytes failed: Only part of a ReadProcessMemory or WriteProcessMemory request was completed. (0x12B)
[0512/001341.744:ERROR:process_memory_win.cc(73)] ReadMemory at 0x2270f66bb40 of 132 bytes failed: Only part of a ReadProcessMemory or WriteProcessMemory request was completed. (0x12B)
[0512/001341.744:ERROR:process_memory_win.cc(73)] ReadMemory at 0x2270f66be90 of 132 bytes failed: Only part of a ReadProcessMemory or WriteProcessMemory request was completed. (0x12B)
[0512/001341.744:ERROR:process_memory_win.cc(73)] ReadMemory at 0x2270f66c020 of 62 bytes failed: Only part of a ReadProcessMemory or WriteProcessMemory request was completed. (0x12B)
[0512/001341.744:ERROR:process_memory_win.cc(73)] ReadMemory at 0x2270f66c070 of 62 bytes failed: Only part of a ReadProcessMemory or WriteProcessMemory request was completed. (0x12B)
[0512/001341.744:ERROR:process_memory_win.cc(73)] ReadMemory at 0x2270f66c0c0 of 60 bytes failed: Only part of a ReadProcessMemory or WriteProcessMemory request was completed. (0x12B)
[0512/001341.744:ERROR:process_memory_win.cc(73)] ReadMemory at 0x2270f66c110 of 64 bytes failed: Only part of a ReadProcessMemory or WriteProcessMemory request was completed. (0x12B)
[0512/001341.745:ERROR:process_memory_win.cc(73)] ReadMemory at 0x2270f66c160 of 62 bytes failed: Only part of a ReadProcessMemory or WriteProcessMemory request was completed. (0x12B)
[0512/001341.745:ERROR:process_memory_win.cc(73)] ReadMemory at 0x2270f66c250 of 60 bytes failed: Only part of a ReadProcessMemory or WriteProcessMemory request was completed. (0x12B)
[0512/001341.745:ERROR:process_memory_win.cc(73)] ReadMemory at 0x2270f66c2a0 of 60 bytes failed: Only part of a ReadProcessMemory or WriteProcessMemory request was completed. (0x12B)
[0512/001341.745:ERROR:process_memory_win.cc(73)] ReadMemory at 0x2270f66c2f0 of 64 bytes failed: Only part of a ReadProcessMemory or WriteProcessMemory request was completed. (0x12B)
[0512/001341.745:ERROR:process_memory_win.cc(73)] ReadMemory at 0x2270f66c390 of 62 bytes failed: Only part of a ReadProcessMemory or WriteProcessMemory request was completed. (0x12B)
[0512/001341.746:ERROR:process_memory_win.cc(73)] ReadMemory at 0x2270f66c3e0 of 60 bytes failed: Only part of a ReadProcessMemory or WriteProcessMemory request was completed. (0x12B)
[0512/001341.746:ERROR:process_memory_win.cc(73)] ReadMemory at 0x2270f66c5c0 of 64 bytes failed: Only part of a ReadProcessMemory or WriteProcessMemory request was completed. (0x12B)
[0512/001341.746:ERROR:process_memory_win.cc(73)] ReadMemory at 0x2270f66c890 of 62 bytes failed: Only part of a ReadProcessMemory or WriteProcessMemory request was completed. (0x12B)
[0512/001341.746:ERROR:process_memory_win.cc(73)] ReadMemory at 0x2270f66c8e0 of 62 bytes failed: Only part of a ReadProcessMemory or WriteProcessMemory request was completed. (0x12B)
[0512/001341.746:ERROR:process_memory_win.cc(73)] ReadMemory at 0x2270f66c9d0 of 58 bytes failed: Only part of a ReadProcessMemory or WriteProcessMemory request was completed. (0x12B)
[0512/001341.746:ERROR:process_memory_win.cc(73)] ReadMemory at 0x2270f66cb10 of 62 bytes failed: Only part of a ReadProcessMemory or WriteProcessMemory request was completed. (0x12B)
[0512/001341.747:ERROR:process_memory_win.cc(73)] ReadMemory at 0x2270f66cde0 of 62 bytes failed: Only part of a ReadProcessMemory or WriteProcessMemory request was completed. (0x12B)
[0512/001341.747:ERROR:process_memory_win.cc(73)] ReadMemory at 0x2270f66ce30 of 64 bytes failed: Only part of a ReadProcessMemory or WriteProcessMemory request was completed. (0x12B)
[0512/001341.750:ERROR:process_memory_win.cc(73)] ReadMemory at 0x2270f66ce80 of 66 bytes failed: Only part of a ReadProcessMemory or WriteProcessMemory request was completed. (0x12B)
[0512/001341.751:ERROR:process_memory_win.cc(73)] ReadMemory at 0x2270f66d3c0 of 132 bytes failed: Only part of a ReadProcessMemory or WriteProcessMemory request was completed. (0x12B)
[0512/001341.751:ERROR:process_memory_win.cc(73)] ReadMemory at 0x2270f66d4f0 of 132 bytes failed: Only part of a ReadProcessMemory or WriteProcessMemory request was completed. (0x12B)
[0512/001341.751:ERROR:process_memory_win.cc(73)] ReadMemory at 0x2270f66d880 of 132 bytes failed: Only part of a ReadProcessMemory or WriteProcessMemory request was completed. (0x12B)
[0512/001341.751:ERROR:process_memory_win.cc(73)] ReadMemory at 0x2270f66e0d0 of 132 bytes failed: Only part of a ReadProcessMemory or WriteProcessMemory request was completed. (0x12B)
[0512/001341.752:ERROR:process_memory_win.cc(73)] ReadMemory at 0x2270f66e330 of 132 bytes failed: Only part of a ReadProcessMemory or WriteProcessMemory request was completed. (0x12B)
[0512/001341.752:ERROR:process_memory_win.cc(73)] ReadMemory at 0x2270f66e460 of 132 bytes failed: Only part of a ReadProcessMemory or WriteProcessMemory request was completed. (0x12B)
[0512/001341.753:ERROR:process_memory_win.cc(73)] ReadMemory at 0x2270f66e590 of 132 bytes failed: Only part of a ReadProcessMemory or WriteProcessMemory request was completed. (0x12B)
[0512/001341.753:ERROR:process_memory_win.cc(73)] ReadMemory at 0x2270f66e6c0 of 132 bytes failed: Only part of a ReadProcessMemory or WriteProcessMemory request was completed. (0x12B)
[0512/001341.753:ERROR:process_memory_win.cc(73)] ReadMemory at 0x2270f66e7f0 of 132 bytes failed: Only part of a ReadProcessMemory or WriteProcessMemory request was completed. (0x12B)
[0512/001341.754:ERROR:process_memory_win.cc(73)] ReadMemory at 0x2270f66ede0 of 132 bytes failed: Only part of a ReadProcessMemory or WriteProcessMemory request was completed. (0x12B)
[0512/001341.754:ERROR:process_memory_win.cc(73)] ReadMemory at 0x2270f683b20 of 512 bytes failed: Only part of a ReadProcessMemory or WriteProcessMemory request was completed. (0x12B)
[0512/001341.754:ERROR:process_memory_win.cc(73)] ReadMemory at 0x2270f684700 of 512 bytes failed: Only part of a ReadProcessMemory or WriteProcessMemory request was completed. (0x12B)
[0512/001341.754:ERROR:process_memory_win.cc(73)] ReadMemory at 0x2270f870dc0 of 512 bytes failed: Only part of a ReadProcessMemory or WriteProcessMemory request was completed. (0x12B)
[0512/001341.754:ERROR:process_memory_win.cc(73)] ReadMemory at 0x2270fe33a90 of 512 bytes failed: Only part of a ReadProcessMemory or WriteProcessMemory request was completed. (0x12B)
[0512/001341.754:ERROR:process_memory_win.cc(73)] ReadMemory at 0x2270fe34f20 of 512 bytes failed: Only part of a ReadProcessMemory or WriteProcessMemory request was completed. (0x12B)
[0512/001341.754:ERROR:process_memory_win.cc(73)] ReadMemory at 0x2270fe67860 of 712 bytes failed: Only part of a ReadProcessMemory or WriteProcessMemory request was completed. (0x12B)
[0512/001341.755:ERROR:process_memory_win.cc(73)] ReadMemory at 0x2270ffcff80 of 512 bytes failed: Only part of a ReadProcessMemory or WriteProcessMemory request was completed. (0x12B)
[0512/001341.755:ERROR:process_memory_win.cc(73)] ReadMemory at 0x22711558030 of 512 bytes failed: Only part of a ReadProcessMemory or WriteProcessMemory request was completed. (0x12B)
[0512/001341.755:ERROR:process_memory_win.cc(73)] ReadMemory at 0x2271170be90 of 512 bytes failed: Only part of a ReadProcessMemory or WriteProcessMemory request was completed. (0x12B)
[0512/001341.755:ERROR:process_memory_win.cc(73)] ReadMemory at 0x22711b42da0 of 528 bytes failed: Only part of a ReadProcessMemory or WriteProcessMemory request was completed. (0x12B)
[0512/001341.755:ERROR:process_memory_win.cc(73)] ReadMemory at 0x22711fd6bf0 of 512 bytes failed: Only part of a ReadProcessMemory or WriteProcessMemory request was completed. (0x12B)
[0512/001341.755:ERROR:process_memory_win.cc(73)] ReadMemory at 0x227150c1810 of 512 bytes failed: Only part of a ReadProcessMemory or WriteProcessMemory request was completed. (0x12B)
[0512/001341.755:ERROR:process_memory_win.cc(73)] ReadMemory at 0x227150c1b70 of 512 bytes failed: Only part of a ReadProcessMemory or WriteProcessMemory request was completed. (0x12B)
[0512/001341.756:ERROR:process_memory_win.cc(73)] ReadMemory at 0x22728f362d0 of 512 bytes failed: Only part of a ReadProcessMemory or WriteProcessMemory request was completed. (0x12B)
[0512/001341.756:ERROR:process_memory_win.cc(73)] ReadMemory at 0x211f09533019 of 512 bytes failed: Only part of a ReadProcessMemory or WriteProcessMemory request was completed. (0x12B)
[0512/001341.756:ERROR:process_memory_win.cc(73)] ReadMemory at 0x211f096c6291 of 512 bytes failed: Only part of a ReadProcessMemory or WriteProcessMemory request was completed. (0x12B)
[0512/001341.756:ERROR:process_memory_win.cc(73)] ReadMemory at 0x211f096cfef4 of 513 bytes failed: Only part of a ReadProcessMemory or WriteProcessMemory request was completed. (0x12B)
[0512/001341.756:ERROR:process_memory_win.cc(73)] ReadMemory at 0x211f0aeb72d5 of 515 bytes failed: Only part of a ReadProcessMemory or WriteProcessMemory request was completed. (0x12B)
[0512/001341.756:ERROR:process_memory_win.cc(73)] ReadMemory at 0x211f0aedca9c of 512 bytes failed: Only part of a ReadProcessMemory or WriteProcessMemory request was completed. (0x12B)
[0512/001341.757:ERROR:process_memory_win.cc(73)] ReadMemory at 0x7ff9074dc548 of 512 bytes failed: Only part of a ReadProcessMemory or WriteProcessMemory request was completed. (0x12B)
[0512/001341.757:ERROR:process_memory_win.cc(73)] ReadMemory at 0x7ff926997a55 of 512 bytes failed: Only part of a ReadProcessMemory or WriteProcessMemory request was completed. (0x12B)
[0512/001341.757:ERROR:process_memory_win.cc(73)] ReadMemory at 0x7ff926998245 of 512 bytes failed: Only part of a ReadProcessMemory or WriteProcessMemory request was completed. (0x12B)
[0512/001341.757:ERROR:process_memory_win.cc(73)] ReadMemory at 0x7ff95d2fc074 of 672 bytes failed: Only part of a ReadProcessMemory or WriteProcessMemory request was completed. (0x12B)
[0512/001341.757:ERROR:process_memory_win.cc(73)] ReadMemory at 0x7ff95d2ff924 of 608 bytes failed: Only part of a ReadProcessMemory or WriteProcessMemory request was completed. (0x12B)
[0512/001341.757:ERROR:process_memory_win.cc(73)] ReadMemory at 0x7ff95d305e76 of 512 bytes failed: Only part of a ReadProcessMemory or WriteProcessMemory request was completed. (0x12B)
[0512/001341.757:ERROR:process_memory_win.cc(73)] ReadMemory at 0x7ff95d38c428 of 18 bytes failed: Only part of a ReadProcessMemory or WriteProcessMemory request was completed. (0x12B)
[0512/001341.757:ERROR:process_memory_win.cc(73)] ReadMemory at 0x7ff95d3bf4f8 of 40 bytes failed: Only part of a ReadProcessMemory or WriteProcessMemory request was completed. (0x12B)
[0512/001341.757:ERROR:process_memory_win.cc(73)] ReadMemory at 0x7ff95d3bf978 of 48 bytes failed: Only part of a ReadProcessMemory or WriteProcessMemory request was completed. (0x12B)
[0512/001341.757:ERROR:process_memory_win.cc(73)] ReadMemory at 0x7ff95d3c53c0 of 64 bytes failed: Only part of a ReadProcessMemory or WriteProcessMemory request was completed. (0x12B)
[0512/001341.760:ERROR:scoped_process_suspend.cc(40)] NtResumeProcess: An attempt was made to access an exiting process. (0xc000010a)
[0515/223851.774:ERROR:file_io.cc(134)] WriteFile: The pipe is being closed. (0xE8)
